0 verbose cli /root/.nvm/versions/node/v16.17.0/bin/node /root/.nvm/versions/node/v16.17.0/bin/npm
1 info using npm@8.15.0
2 info using node@v16.17.0
3 timing npm:load:whichnode Completed in 0ms
4 timing config:load:defaults Completed in 1ms
5 timing config:load:file:/root/.nvm/versions/node/v16.17.0/lib/node_modules/npm/npmrc Completed in 14ms
6 timing config:load:builtin Completed in 15ms
7 timing config:load:cli Completed in 3ms
8 timing config:load:env Completed in 0ms
9 timing config:load:project Completed in 7ms
10 timing config:load:file:/root/.npmrc Completed in 0ms
11 timing config:load:user Completed in 0ms
12 timing config:load:file:/root/.nvm/versions/node/v16.17.0/etc/npmrc Completed in 0ms
13 timing config:load:global Completed in 1ms
14 timing config:load:validate Completed in 0ms
15 timing config:load:credentials Completed in 1ms
16 timing config:load:setEnvs Completed in 1ms
17 timing config:load Completed in 29ms
18 timing npm:load:configload Completed in 30ms
19 timing npm:load:mkdirpcache Completed in 1ms
20 timing npm:load:mkdirplogs Completed in 1ms
21 verbose title npm install npm@8.18.0
22 verbose argv "install" "--global" "npm@8.18.0"
23 timing npm:load:setTitle Completed in 1ms
24 timing config:load:flatten Completed in 4ms
25 timing npm:load:display Completed in 6ms
26 verbose logfile logs-max:10 dir:/root/.npm/_logs
27 verbose logfile /root/.npm/_logs/2022-08-25T05_55_08_823Z-debug-0.log
28 timing npm:load:logFile Completed in 6ms
29 timing npm:load:timers Completed in 0ms
30 timing npm:load:configScope Completed in 0ms
31 timing npm:load Completed in 46ms
32 silly logfile done cleaning log files
33 http fetch GET 200 https://registry.npmjs.org/npm 27ms (cache hit)
34 timing arborist:ctor Completed in 1ms
35 timing idealTree:init Completed in 6ms
36 timing idealTree:userRequests Completed in 2ms
37 silly idealTree buildDeps
38 silly fetch manifest npm@8.18.0
39 http fetch GET 200 https://registry.npmjs.org/npm 9ms (cache hit)
40 silly placeDep ROOT npm@8.18.0 OK for:  want: 8.18.0
41 timing idealTree:#root Completed in 43ms
42 timing idealTree:node_modules/npm Completed in 0ms
43 timing idealTree:buildDeps Completed in 49ms
44 timing idealTree:fixDepFlags Completed in 1ms
45 timing idealTree Completed in 59ms
46 timing reify:loadTrees Completed in 302ms
47 timing reify:diffTrees Completed in 4ms
48 silly reify mark retired [
48 silly reify   '/root/.nvm/versions/node/v16.17.0/lib/node_modules/npm',
48 silly reify   '/root/.nvm/versions/node/v16.17.0/bin/npm',
48 silly reify   '/root/.nvm/versions/node/v16.17.0/bin/npx'
48 silly reify ]
49 silly reify moves {
49 silly reify   '/root/.nvm/versions/node/v16.17.0/lib/node_modules/npm': '/root/.nvm/versions/node/v16.17.0/lib/node_modules/.npm-pefM4i6i',
49 silly reify   '/root/.nvm/versions/node/v16.17.0/bin/npm': '/root/.nvm/versions/node/v16.17.0/bin/.npm-ZAf3YDYv',
49 silly reify   '/root/.nvm/versions/node/v16.17.0/bin/npx': '/root/.nvm/versions/node/v16.17.0/bin/.npx-gWUtJ8cF'
49 silly reify }
50 timing reify:retireShallow Completed in 6ms
51 timing reify:createSparse Completed in 0ms
52 silly tarball no local data for npm@https://registry.npmjs.org/npm/-/npm-8.18.0.tgz. Extracting by manifest.
53 http fetch GET 200 https://registry.npmjs.org/npm/-/npm-8.18.0.tgz 1632ms (cache miss)
54 timing reifyNode:node_modules/npm Completed in 1640ms
55 timing arborist:ctor Completed in 0ms
56 timing reify:diffTrees Completed in 8ms
57 timing reify:loadBundles Completed in 2091ms
58 silly audit bulk request {
58 silly audit   npm: [ '8.18.0' ],
58 silly audit   abbrev: [ '1.1.1' ],
58 silly audit   'agent-base': [ '6.0.2' ],
58 silly audit   agentkeepalive: [ '4.2.1' ],
58 silly audit   'aggregate-error': [ '3.1.0' ],
58 silly audit   'ansi-regex': [ '5.0.1' ],
58 silly audit   'ansi-styles': [ '4.3.0' ],
58 silly audit   aproba: [ '2.0.0' ],
58 silly audit   archy: [ '1.0.0' ],
58 silly audit   'are-we-there-yet': [ '3.0.1' ],
58 silly audit   asap: [ '2.0.6' ],
58 silly audit   'balanced-match': [ '1.0.2' ],
58 silly audit   'bin-links': [ '3.0.2' ],
58 silly audit   'binary-extensions': [ '2.2.0' ],
58 silly audit   'brace-expansion': [ '2.0.1', '1.1.11' ],
58 silly audit   builtins: [ '5.0.1' ],
58 silly audit   cacache: [ '16.1.2' ],
58 silly audit   chalk: [ '4.1.2' ],
58 silly audit   chownr: [ '2.0.0' ],
58 silly audit   'cidr-regex': [ '3.1.1' ],
58 silly audit   'clean-stack': [ '2.2.0' ],
58 silly audit   'cli-columns': [ '4.0.0' ],
58 silly audit   'cli-table3': [ '0.6.2' ],
58 silly audit   clone: [ '1.0.4' ],
58 silly audit   'cmd-shim': [ '5.0.0' ],
58 silly audit   'color-convert': [ '2.0.1' ],
58 silly audit   'color-name': [ '1.1.4' ],
58 silly audit   'color-support': [ '1.1.3' ],
58 silly audit   columnify: [ '1.6.0' ],
58 silly audit   'common-ancestor-path': [ '1.0.1' ],
58 silly audit   'concat-map': [ '0.0.1' ],
58 silly audit   'console-control-strings': [ '1.1.0' ],
58 silly audit   cssesc: [ '3.0.0' ],
58 silly audit   debug: [ '4.3.4' ],
58 silly audit   ms: [ '2.1.2', '2.1.3' ],
58 silly audit   debuglog: [ '1.0.1' ],
58 silly audit   defaults: [ '1.0.3' ],
58 silly audit   delegates: [ '1.0.0' ],
58 silly audit   depd: [ '1.1.2' ],
58 silly audit   dezalgo: [ '1.0.4' ],
58 silly audit   diff: [ '5.0.0' ],
58 silly audit   'emoji-regex': [ '8.0.0' ],
58 silly audit   encoding: [ '0.1.13' ],
58 silly audit   'env-paths': [ '2.2.1' ],
58 silly audit   'err-code': [ '2.0.3' ],
58 silly audit   'fastest-levenshtein': [ '1.0.12' ],
58 silly audit   'fs-minipass': [ '2.1.0' ],
58 silly audit   'fs.realpath': [ '1.0.0' ],
58 silly audit   'function-bind': [ '1.1.1' ],
58 silly audit   gauge: [ '4.0.4' ],
58 silly audit   glob: [ '8.0.3', '7.2.3' ],
58 silly audit   'graceful-fs': [ '4.2.10' ],
58 silly audit   has: [ '1.0.3' ],
58 silly audit   'has-flag': [ '4.0.0' ],
58 silly audit   'has-unicode': [ '2.0.1' ],
58 silly audit   'hosted-git-info': [ '5.0.0' ],
58 silly audit   'http-cache-semantics': [ '4.1.0' ],
58 silly audit   'http-proxy-agent': [ '5.0.0' ],
58 silly audit   'https-proxy-agent': [ '5.0.1' ],
58 silly audit   'humanize-ms': [ '1.2.1' ],
58 silly audit   'iconv-lite': [ '0.6.3' ],
58 silly audit   'ignore-walk': [ '5.0.1' ],
58 silly audit   imurmurhash: [ '0.1.4' ],
58 silly audit   'indent-string': [ '4.0.0' ],
58 silly audit   'infer-owner': [ '1.0.4' ],
58 silly audit   inflight: [ '1.0.6' ],
58 silly audit   inherits: [ '2.0.4' ],
58 silly audit   ini: [ '3.0.0' ],
58 silly audit   'init-package-json': [ '3.0.2' ],
58 silly audit   ip: [ '2.0.0' ],
58 silly audit   'ip-regex': [ '4.3.0' ],
58 silly audit   'is-cidr': [ '4.0.2' ],
58 silly audit   'is-core-module': [ '2.10.0' ],
58 silly audit   'is-fullwidth-code-point': [ '3.0.0' ],
58 silly audit   'is-lambda': [ '1.0.1' ],
58 silly audit   isexe: [ '2.0.0' ],
58 silly audit   'json-parse-even-better-errors': [ '2.3.1' ],
58 silly audit   'json-stringify-nice': [ '1.1.4' ],
58 silly audit   jsonparse: [ '1.3.1' ],
58 silly audit   'just-diff': [ '5.1.1' ],
58 silly audit   'just-diff-apply': [ '5.4.1' ],
58 silly audit   libnpmaccess: [ '6.0.3' ],
58 silly audit   libnpmdiff: [ '4.0.4' ],
58 silly audit   libnpmexec: [ '4.0.11' ],
58 silly audit   libnpmfund: [ '3.0.2' ],
58 silly audit   libnpmhook: [ '8.0.3' ],
58 silly audit   libnpmorg: [ '4.0.3' ],
58 silly audit   libnpmpack: [ '4.1.2' ],
58 silly audit   libnpmpublish: [ '6.0.4' ],
58 silly audit   libnpmsearch: [ '5.0.3' ],
58 silly audit   libnpmteam: [ '4.0.3' ],
58 silly audit   libnpmversion: [ '3.0.6' ],
58 silly audit   'lru-cache': [ '7.13.2', '6.0.0' ],
58 silly audit   'make-fetch-happen': [ '10.2.1' ],
58 silly audit   minimatch: [ '5.1.0', '3.1.2' ],
58 silly audit   minipass: [ '3.3.4' ],
58 silly audit   'minipass-collect': [ '1.0.2' ],
58 silly audit   'minipass-fetch': [ '2.1.1' ],
58 silly audit   'minipass-flush': [ '1.0.5' ],
58 silly audit   'minipass-json-stream': [ '1.0.1' ],
58 silly audit   'minipass-pipeline': [ '1.2.4' ],
58 silly audit   'minipass-sized': [ '1.0.3' ],
58 silly audit   minizlib: [ '2.1.2' ],
58 silly audit   mkdirp: [ '1.0.4' ],
58 silly audit   'mkdirp-infer-owner': [ '2.0.0' ],
58 silly audit   'mute-stream': [ '0.0.8' ],
58 silly audit   negotiator: [ '0.6.3' ],
58 silly audit   'node-gyp': [ '9.1.0' ],
58 silly audit   nopt: [ '5.0.0', '6.0.0' ],
58 silly audit   'normalize-package-data': [ '4.0.1' ],
58 silly audit   'npm-audit-report': [ '3.0.0' ],
58 silly audit   'npm-bundled': [ '1.1.2' ],
58 silly audit   'npm-install-checks': [ '5.0.0' ],
58 silly audit   'npm-normalize-package-bin': [ '1.0.1' ],
58 silly audit   'npm-package-arg': [ '9.1.0' ],
58 silly audit   'npm-packlist': [ '5.1.1' ],
58 silly audit   'npm-pick-manifest': [ '7.0.1' ],
58 silly audit   'npm-profile': [ '6.2.1' ],
58 silly audit   'npm-registry-fetch': [ '13.3.1' ],
58 silly audit   'npm-user-validate': [ '1.0.1' ],
58 silly audit   npmlog: [ '6.0.2' ],
58 silly audit   once: [ '1.4.0' ],
58 silly audit   opener: [ '1.5.2' ],
58 silly audit   'p-map': [ '4.0.0' ],
58 silly audit   pacote: [ '13.6.2' ],
58 silly audit   'parse-conflict-json': [ '2.0.2' ],
58 silly audit   'path-is-absolute': [ '1.0.1' ],
58 silly audit   'postcss-selector-parser': [ '6.0.10' ],
58 silly audit   'proc-log': [ '2.0.1' ],
58 silly audit   'promise-all-reject-late': [ '1.0.1' ],
58 silly audit   'promise-call-limit': [ '1.0.1' ],
58 silly audit   'promise-inflight': [ '1.0.1' ],
58 silly audit   'promise-retry': [ '2.0.1' ],
58 silly audit   promzard: [ '0.3.0' ],
58 silly audit   'qrcode-terminal': [ '0.12.0' ],
58 silly audit   read: [ '1.0.7' ],
58 silly audit   'read-cmd-shim': [ '3.0.0' ],
58 silly audit   'read-package-json': [ '5.0.1' ],
58 silly audit   'read-package-json-fast': [ '2.0.3' ],
58 silly audit   'readable-stream': [ '3.6.0' ],
58 silly audit   'readdir-scoped-modules': [ '1.1.0' ],
58 silly audit   retry: [ '0.12.0' ],
58 silly audit   rimraf: [ '3.0.2' ],
58 silly audit   'safe-buffer': [ '5.2.1' ],
58 silly audit   'safer-buffer': [ '2.1.2' ],
58 silly audit   semver: [ '7.3.7' ],
58 silly audit   'set-blocking': [ '2.0.0' ],
58 silly audit   'signal-exit': [ '3.0.7' ],
58 silly audit   'smart-buffer': [ '4.2.0' ],
58 silly audit   socks: [ '2.7.0' ],
58 silly audit   'socks-proxy-agent': [ '7.0.0' ],
58 silly audit   'spdx-correct': [ '3.1.1' ],
58 silly audit   'spdx-exceptions': [ '2.3.0' ],
58 silly audit   'spdx-expression-parse': [ '3.0.1' ],
58 silly audit   'spdx-license-ids': [ '3.0.11' ],
58 silly audit   ssri: [ '9.0.1' ],
58 silly audit   'string-width': [ '4.2.3' ],
58 silly audit   string_decoder: [ '1.3.0' ],
58 silly audit   'strip-ansi': [ '6.0.1' ],
58 silly audit   'supports-color': [ '7.2.0' ],
58 silly audit   tar: [ '6.1.11' ],
58 silly audit   'text-table': [ '0.2.0' ],
58 silly audit   'tiny-relative-date': [ '1.3.0' ],
58 silly audit   treeverse: [ '2.0.0' ],
58 silly audit   'unique-filename': [ '1.1.1' ],
58 silly audit   'unique-slug': [ '2.0.2' ],
58 silly audit   'util-deprecate': [ '1.0.2' ],
58 silly audit   'validate-npm-package-license': [ '3.0.4' ],
58 silly audit   'validate-npm-package-name': [ '4.0.0' ],
58 silly audit   'walk-up-path': [ '1.0.0' ],
58 silly audit   wcwidth: [ '1.0.1' ],
58 silly audit   which: [ '2.0.2' ],
58 silly audit   'wide-align': [ '1.1.5' ],
58 silly audit   wrappy: [ '1.0.2' ],
58 silly audit   'write-file-atomic': [ '4.0.2' ],
58 silly audit   yallist: [ '4.0.0' ],
58 silly audit   '@colors/colors': [ '1.5.0' ],
58 silly audit   '@gar/promisify': [ '1.1.3' ],
58 silly audit   '@isaacs/string-locale-compare': [ '1.1.0' ],
58 silly audit   '@npmcli/arborist': [ '5.6.0' ],
58 silly audit   '@npmcli/ci-detect': [ '2.0.0' ],
58 silly audit   '@npmcli/config': [ '4.2.1' ],
58 silly audit   '@npmcli/disparity-colors': [ '2.0.0' ],
58 silly audit   '@npmcli/fs': [ '2.1.2' ],
58 silly audit   '@npmcli/git': [ '3.0.2' ],
58 silly audit   '@npmcli/installed-package-contents': [ '1.0.7' ],
58 silly audit   '@npmcli/map-workspaces': [ '2.0.4' ],
58 silly audit   '@npmcli/metavuln-calculator': [ '3.1.1' ],
58 silly audit   '@npmcli/move-file': [ '2.0.1' ],
58 silly audit   '@npmcli/name-from-folder': [ '1.0.1' ],
58 silly audit   '@npmcli/node-gyp': [ '2.0.0' ],
58 silly audit   '@npmcli/package-json': [ '2.0.0' ],
58 silly audit   '@npmcli/promise-spawn': [ '3.0.0' ],
58 silly audit   '@npmcli/query': [ '1.1.1' ],
58 silly audit   '@npmcli/run-script': [ '4.2.1' ],
58 silly audit   '@tootallnate/once': [ '2.0.0' ]
58 silly audit }
59 timing reify:unpack Completed in 0ms
60 timing reify:unretire Completed in 5ms
61 timing build:queue Completed in 13ms
62 timing build:link:node_modules/npm Completed in 10ms
63 timing build:link:node_modules/npm/node_modules/@npmcli/arborist Completed in 9ms
64 timing build:link:node_modules/npm/node_modules/node-gyp/node_modules/nopt Completed in 9ms
65 timing build:link:node_modules/npm/node_modules/@npmcli/installed-package-contents Completed in 10ms
66 timing build:link:node_modules/npm/node_modules/color-support Completed in 10ms
67 timing build:link:node_modules/npm/node_modules/cssesc Completed in 10ms
68 timing build:link:node_modules/npm/node_modules/mkdirp Completed in 10ms
69 timing build:link:node_modules/npm/node_modules/node-gyp Completed in 10ms
70 timing build:link:node_modules/npm/node_modules/nopt Completed in 10ms
71 timing build:link:node_modules/npm/node_modules/npm-packlist Completed in 10ms
72 timing build:link:node_modules/npm/node_modules/opener Completed in 9ms
73 timing build:link:node_modules/npm/node_modules/pacote Completed in 9ms
74 timing build:link:node_modules/npm/node_modules/qrcode-terminal Completed in 9ms
75 timing build:link:node_modules/npm/node_modules/rimraf Completed in 9ms
76 timing build:link:node_modules/npm/node_modules/semver Completed in 9ms
77 timing build:link:node_modules/npm/node_modules/which Completed in 9ms
78 timing build:link Completed in 11ms
79 timing build:deps Completed in 24ms
80 timing build Completed in 24ms
81 timing reify:build Completed in 25ms
82 http fetch POST 200 https://registry.npmjs.org/-/npm/v1/security/advisories/bulk 365ms
83 timing auditReport:getReport Completed in 369ms
84 silly audit report {}
85 timing auditReport:init Completed in 0ms
86 timing reify:audit Completed in 370ms
87 timing reify:trash Completed in 349ms
88 timing reify Completed in 2826ms
89 silly CHANGE node_modules/npm
90 silly CHANGE node_modules/npm/node_modules/@npmcli/run-script
91 silly CHANGE node_modules/npm/node_modules/@npmcli/move-file
92 silly CHANGE node_modules/npm/node_modules/@npmcli/map-workspaces
93 silly CHANGE node_modules/npm/node_modules/@npmcli/installed-package-contents
94 silly CHANGE node_modules/npm/node_modules/@npmcli/git
95 silly CHANGE node_modules/npm/node_modules/@npmcli/fs
96 silly CHANGE node_modules/npm/node_modules/@npmcli/config
97 silly CHANGE node_modules/npm/node_modules/@npmcli/arborist
98 silly CHANGE node_modules/npm/node_modules/write-file-atomic
99 silly CHANGE node_modules/npm/node_modules/which
100 silly CHANGE node_modules/npm/node_modules/socks
101 silly CHANGE node_modules/npm/node_modules/semver
102 silly CHANGE node_modules/npm/node_modules/rimraf
103 silly CHANGE node_modules/npm/node_modules/qrcode-terminal
104 silly CHANGE node_modules/npm/node_modules/pacote
105 silly CHANGE node_modules/npm/node_modules/opener
106 silly CHANGE node_modules/npm/node_modules/npm-registry-fetch
107 silly CHANGE node_modules/npm/node_modules/npm-profile
108 silly CHANGE node_modules/npm/node_modules/npm-packlist
109 silly CHANGE node_modules/npm/node_modules/normalize-package-data
110 silly CHANGE node_modules/npm/node_modules/nopt
111 silly CHANGE node_modules/npm/node_modules/node-gyp
112 silly CHANGE node_modules/npm/node_modules/mkdirp
113 silly CHANGE node_modules/npm/node_modules/minipass-fetch
114 silly CHANGE node_modules/npm/node_modules/make-fetch-happen
115 silly CHANGE node_modules/npm/node_modules/lru-cache
116 silly CHANGE node_modules/npm/node_modules/libnpmexec
117 silly CHANGE node_modules/npm/node_modules/just-diff-apply
118 silly CHANGE node_modules/npm/node_modules/just-diff
119 silly CHANGE node_modules/npm/node_modules/is-core-module
120 silly CHANGE node_modules/npm/node_modules/ip
121 silly CHANGE node_modules/npm/node_modules/color-support
122 silly CHANGE node_modules/npm/node_modules/cacache
123 silly CHANGE node_modules/npm/node_modules/bin-links
124 silly CHANGE node_modules/npm/node_modules/are-we-there-yet
125 timing command:install Completed in 2909ms
126 verbose exit 0
127 timing npm Completed in 3019ms
128 info ok
